<?xml version="1.0" encoding="UTF-8"?>
<coverage generated="1780654024052" clover="3.2.0">
  <project timestamp="1780654024052" name="All files">
    <metrics statements="31" coveredstatements="27" conditionals="18" coveredconditionals="14" methods="5" coveredmethods="5" elements="54" coveredelements="46" complexity="0" loc="31" ncloc="31" packages="1" files="1" classes="1"/>
    <file name="validation.js" path="/Users/khoa/Documents/Source Code/BiPlus/Forge/Forge-Agent/forge-auto-comment-on-create/src/lib/validation.js">
      <metrics statements="31" coveredstatements="27" conditionals="18" coveredconditionals="14" methods="5" coveredmethods="5"/>
      <line num="5" count="1" type="stmt"/>
      <line num="6" count="6" type="cond" truecount="4" falsecount="0"/>
      <line num="7" count="4" type="stmt"/>
      <line num="9" count="2" type="stmt"/>
      <line num="12" count="1" type="stmt"/>
      <line num="13" count="3" type="cond" truecount="1" falsecount="1"/>
      <line num="14" count="0" type="stmt"/>
      <line num="16" count="3" type="cond" truecount="2" falsecount="0"/>
      <line num="17" count="1" type="stmt"/>
      <line num="24" count="2" type="stmt"/>
      <line num="28" count="1" type="stmt"/>
      <line num="29" count="2" type="stmt"/>
      <line num="30" count="2" type="stmt"/>
      <line num="32" count="2" type="stmt"/>
      <line num="33" count="2" type="cond" truecount="2" falsecount="0"/>
      <line num="34" count="1" type="stmt"/>
      <line num="37" count="1" type="stmt"/>
      <line num="38" count="1" type="cond" truecount="1" falsecount="1"/>
      <line num="39" count="0" type="stmt"/>
      <line num="42" count="1" type="stmt"/>
      <line num="50" count="1" type="stmt"/>
      <line num="51" count="2" type="cond" truecount="2" falsecount="0"/>
      <line num="52" count="1" type="stmt"/>
      <line num="55" count="1" type="stmt"/>
      <line num="56" count="1" type="cond" truecount="1" falsecount="1"/>
      <line num="57" count="1" type="stmt"/>
      <line num="64" count="0" type="stmt"/>
      <line num="68" count="1" type="stmt"/>
      <line num="69" count="1" type="stmt"/>
      <line num="70" count="1" type="cond" truecount="1" falsecount="1"/>
      <line num="71" count="0" type="stmt"/>
    </file>
  </project>
</coverage>
