TN:
SF:src/lib/validation.js
FN:5,(anonymous_0)
FN:12,(anonymous_1)
FN:28,(anonymous_2)
FN:50,(anonymous_3)
FN:68,(anonymous_4)
FNF:5
FNH:5
FNDA:6,(anonymous_0)
FNDA:3,(anonymous_1)
FNDA:2,(anonymous_2)
FNDA:2,(anonymous_3)
FNDA:1,(anonymous_4)
DA:5,1
DA:6,6
DA:7,4
DA:9,2
DA:12,1
DA:13,3
DA:14,0
DA:16,3
DA:17,1
DA:24,2
DA:28,1
DA:29,2
DA:30,2
DA:32,2
DA:33,2
DA:34,1
DA:37,1
DA:38,1
DA:39,0
DA:42,1
DA:50,1
DA:51,2
DA:52,1
DA:55,1
DA:56,1
DA:57,1
DA:64,0
DA:68,1
DA:69,1
DA:70,1
DA:71,0
LF:31
LH:27
BRDA:6,0,0,4
BRDA:6,0,1,2
BRDA:6,1,0,6
BRDA:6,1,1,4
BRDA:13,2,0,0
BRDA:13,2,1,3
BRDA:16,3,0,1
BRDA:16,3,1,2
BRDA:33,4,0,1
BRDA:33,4,1,1
BRDA:38,5,0,0
BRDA:38,5,1,1
BRDA:51,6,0,1
BRDA:51,6,1,1
BRDA:56,7,0,1
BRDA:56,7,1,0
BRDA:70,8,0,1
BRDA:70,8,1,0
BRF:18
BRH:14
end_of_record
